2026-02-15 13:46:42,249	[INFO]	(client.py:162)_bot_login	[botpy] 登录机器人账号中...
2026-02-15 13:46:42,535	[INFO]	(robot.py:65)update_access_token	[botpy] access_token expires_in 7200
2026-02-15 13:46:43,622	[INFO]	(client.py:181)_bot_init	[botpy] 程序启动...
2026-02-15 13:46:43,623	[INFO]	(connection.py:60)multi_run	[botpy] 最大并发连接数: 1, 启动会话数: 1
2026-02-15 13:46:43,623	[INFO]	(client.py:242)bot_connect	[botpy] 会话启动中...
2026-02-15 13:46:43,623	[INFO]	(gateway.py:115)ws_connect	[botpy] 启动中...
2026-02-15 13:46:43,792	[INFO]	(gateway.py:142)ws_identify	[botpy] 鉴权中...
2026-02-15 13:46:43,915	[INFO]	(gateway.py:85)on_message	[botpy] 机器人「EvoSci-测试中」启动成功！
2026-02-15 13:46:43,916	[INFO]	(gateway.py:223)_send_heart	[botpy] 心跳维持启动...
2026-02-15 13:57:47,578	[INFO]	(client.py:162)_bot_login	[botpy] 登录机器人账号中...
2026-02-15 13:57:47,775	[INFO]	(robot.py:65)update_access_token	[botpy] access_token expires_in 6535
2026-02-15 13:57:48,887	[INFO]	(client.py:181)_bot_init	[botpy] 程序启动...
2026-02-15 13:57:48,888	[INFO]	(connection.py:60)multi_run	[botpy] 最大并发连接数: 1, 启动会话数: 1
2026-02-15 13:57:48,888	[INFO]	(client.py:242)bot_connect	[botpy] 会话启动中...
2026-02-15 13:57:48,888	[INFO]	(gateway.py:115)ws_connect	[botpy] 启动中...
2026-02-15 13:57:49,073	[INFO]	(gateway.py:142)ws_identify	[botpy] 鉴权中...
2026-02-15 13:57:49,294	[INFO]	(gateway.py:85)on_message	[botpy] 机器人「EvoSci-测试中」启动成功！
2026-02-15 13:57:49,295	[INFO]	(gateway.py:223)_send_heart	[botpy] 心跳维持启动...
2026-02-15 18:01:03,252	[INFO]	(client.py:162)_bot_login	[botpy] 登录机器人账号中...
2026-02-15 18:01:03,471	[INFO]	(robot.py:65)update_access_token	[botpy] access_token expires_in 2348
2026-02-15 18:01:03,935	[INFO]	(client.py:181)_bot_init	[botpy] 程序启动...
2026-02-15 18:01:03,935	[INFO]	(connection.py:60)multi_run	[botpy] 最大并发连接数: 1, 启动会话数: 1
2026-02-15 18:01:03,935	[INFO]	(client.py:242)bot_connect	[botpy] 会话启动中...
2026-02-15 18:01:03,935	[INFO]	(gateway.py:115)ws_connect	[botpy] 启动中...
2026-02-15 18:01:04,118	[INFO]	(gateway.py:142)ws_identify	[botpy] 鉴权中...
2026-02-15 18:01:04,298	[INFO]	(gateway.py:85)on_message	[botpy] 机器人「EvoSci-测试中」启动成功！
2026-02-15 18:01:04,299	[INFO]	(gateway.py:223)_send_heart	[botpy] 心跳维持启动...
2026-02-15 18:03:43,137	[INFO]	(client.py:162)_bot_login	[botpy] 登录机器人账号中...
2026-02-15 18:03:43,319	[INFO]	(robot.py:65)update_access_token	[botpy] access_token expires_in 2188
2026-02-15 18:03:43,860	[INFO]	(client.py:181)_bot_init	[botpy] 程序启动...
2026-02-15 18:03:43,860	[INFO]	(connection.py:60)multi_run	[botpy] 最大并发连接数: 1, 启动会话数: 1
2026-02-15 18:03:43,861	[INFO]	(client.py:242)bot_connect	[botpy] 会话启动中...
2026-02-15 18:03:43,861	[INFO]	(gateway.py:115)ws_connect	[botpy] 启动中...
2026-02-15 18:03:44,033	[INFO]	(gateway.py:142)ws_identify	[botpy] 鉴权中...
2026-02-15 18:03:44,174	[INFO]	(gateway.py:85)on_message	[botpy] 机器人「EvoSci-测试中」启动成功！
2026-02-15 18:03:44,174	[INFO]	(gateway.py:223)_send_heart	[botpy] 心跳维持启动...
